{"contracts/CFD.sol":{"l":{"57":1,"58":1,"59":1,"61":1,"62":1,"63":1,"65":1,"66":1,"68":1,"71":1,"85":0,"89":0,"94":0,"104":0,"105":0,"108":0,"115":0,"122":0,"131":0,"134":0,"135":0,"138":0,"153":0,"156":0,"159":0,"161":0,"164":0,"174":0,"176":0,"197":0,"202":0,"213":0,"216":0,"224":0,"227":0,"228":0,"231":0},"path":"/home/alex/projects/ethdenver/DaiHard/contracts/CFD.sol","s":{"1":1,"2":1,"3":1,"4":1,"5":1,"6":1,"7":1,"8":1,"9":1,"10":1,"11":0,"12":0,"13":0,"14":0,"15":0,"16":0,"17":0,"18":0,"19":0,"20":0,"21":0,"22":0,"23":0,"24":0,"25":0,"26":0,"27":0,"28":0,"29":0,"30":0,"31":0,"32":0,"33":0,"34":0,"35":0,"36":0,"37":0},"b":{"1":[0,0],"2":[0,0],"3":[0,0]},"f":{"1":1,"2":0,"3":0,"4":0,"5":0,"6":0,"7":0},"fnMap":{"1":{"name":"constructor","line":48,"loc":{"start":{"line":48,"column":4},"end":{"line":56,"column":14}}},"2":{"name":"mint","line":81,"loc":{"start":{"line":81,"column":4},"end":{"line":84,"column":5}}},"3":{"name":"redeem","line":129,"loc":{"start":{"line":129,"column":4},"end":{"line":129,"column":47}}},"4":{"name":"redeemFinal","line":152,"loc":{"start":{"line":152,"column":4},"end":{"line":152,"column":31}}},"5":{"name":"_payout","line":189,"loc":{"start":{"line":189,"column":4},"end":{"line":196,"column":16}}},"6":{"name":"getETHCollateralRequirements","line":209,"loc":{"start":{"line":209,"column":4},"end":{"line":212,"column":5}}},"7":{"name":"GetDaiPriceUSD","line":223,"loc":{"start":{"line":223,"column":4},"end":{"line":223,"column":52}}}},"statementMap":{"1":{"start":{"line":57,"column":8},"end":{"line":57,"column":41}},"2":{"start":{"line":58,"column":8},"end":{"line":58,"column":39}},"3":{"start":{"line":59,"column":8},"end":{"line":59,"column":27}},"4":{"start":{"line":61,"column":8},"end":{"line":61,"column":27}},"5":{"start":{"line":62,"column":8},"end":{"line":62,"column":17}},"6":{"start":{"line":63,"column":8},"end":{"line":63,"column":39}},"7":{"start":{"line":65,"column":8},"end":{"line":65,"column":34}},"8":{"start":{"line":66,"column":8},"end":{"line":66,"column":38}},"9":{"start":{"line":68,"column":8},"end":{"line":68,"column":2061}},"10":{"start":{"line":71,"column":8},"end":{"line":71,"column":2178}},"11":{"start":{"line":85,"column":8},"end":{"line":85,"column":2608}},"12":{"start":{"line":89,"column":8},"end":{"line":89,"column":2742}},"13":{"start":{"line":94,"column":8},"end":{"line":94,"column":2921}},"14":{"start":{"line":104,"column":8},"end":{"line":104,"column":55}},"15":{"start":{"line":105,"column":8},"end":{"line":105,"column":57}},"16":{"start":{"line":108,"column":8},"end":{"line":108,"column":3354}},"17":{"start":{"line":115,"column":8},"end":{"line":115,"column":3584}},"18":{"start":{"line":122,"column":8},"end":{"line":122,"column":76}},"19":{"start":{"line":131,"column":8},"end":{"line":131,"column":46}},"20":{"start":{"line":134,"column":8},"end":{"line":134,"column":48}},"21":{"start":{"line":135,"column":8},"end":{"line":135,"column":50}},"22":{"start":{"line":138,"column":8},"end":{"line":138,"column":4403}},"23":{"start":{"line":153,"column":8},"end":{"line":153,"column":73}},"24":{"start":{"line":156,"column":8},"end":{"line":156,"column":46}},"25":{"start":{"line":159,"column":8},"end":{"line":159,"column":63}},"26":{"start":{"line":161,"column":8},"end":{"line":161,"column":67}},"27":{"start":{"line":164,"column":8},"end":{"line":164,"column":5125}},"28":{"start":{"line":174,"column":8},"end":{"line":174,"column":52}},"29":{"start":{"line":176,"column":8},"end":{"line":176,"column":56}},"30":{"start":{"line":197,"column":8},"end":{"line":197,"column":6013}},"31":{"start":{"line":202,"column":8},"end":{"line":202,"column":48}},"32":{"start":{"line":213,"column":8},"end":{"line":213,"column":79}},"33":{"start":{"line":216,"column":8},"end":{"line":216,"column":21}},"34":{"start":{"line":224,"column":8},"end":{"line":224,"column":6975}},"35":{"start":{"line":227,"column":8},"end":{"line":227,"column":79}},"36":{"start":{"line":228,"column":8},"end":{"line":228,"column":7177}},"37":{"start":{"line":231,"column":8},"end":{"line":231,"column":43}}},"branchMap":{"1":{"line":89,"type":"if","locations":[{"start":{"line":89,"column":8},"end":{"line":89,"column":8}},{"start":{"line":89,"column":8},"end":{"line":89,"column":8}}]},"2":{"line":94,"type":"if","locations":[{"start":{"line":94,"column":8},"end":{"line":94,"column":8}},{"start":{"line":94,"column":8},"end":{"line":94,"column":8}}]},"3":{"line":153,"type":"if","locations":[{"start":{"line":153,"column":8},"end":{"line":153,"column":8}},{"start":{"line":153,"column":8},"end":{"line":153,"column":8}}]}}},"contracts/DaiHard.sol":{"l":{"39":1,"43":1,"47":1,"48":1,"50":1,"52":1,"54":1,"66":1},"path":"/home/alex/projects/ethdenver/DaiHard/contracts/DaiHard.sol","s":{"1":1,"2":1,"3":1,"4":1,"5":1,"6":1,"7":1,"8":1},"b":{"1":[1,0],"2":[1,0],"3":[1,0],"4":[1,0],"5":[1,0]},"f":{"1":1},"fnMap":{"1":{"name":"newCFD","line":30,"loc":{"start":{"line":30,"column":4},"end":{"line":38,"column":24}}}},"statementMap":{"1":{"start":{"line":39,"column":8},"end":{"line":39,"column":1079}},"2":{"start":{"line":43,"column":8},"end":{"line":43,"column":1203}},"3":{"start":{"line":47,"column":8},"end":{"line":47,"column":73}},"4":{"start":{"line":48,"column":8},"end":{"line":48,"column":54}},"5":{"start":{"line":50,"column":8},"end":{"line":50,"column":78}},"6":{"start":{"line":52,"column":8},"end":{"line":52,"column":56}},"7":{"start":{"line":54,"column":8},"end":{"line":54,"column":1600}},"8":{"start":{"line":66,"column":8},"end":{"line":66,"column":77}}},"branchMap":{"1":{"line":39,"type":"if","locations":[{"start":{"line":39,"column":8},"end":{"line":39,"column":8}},{"start":{"line":39,"column":8},"end":{"line":39,"column":8}}]},"2":{"line":43,"type":"if","locations":[{"start":{"line":43,"column":8},"end":{"line":43,"column":8}},{"start":{"line":43,"column":8},"end":{"line":43,"column":8}}]},"3":{"line":47,"type":"if","locations":[{"start":{"line":47,"column":8},"end":{"line":47,"column":8}},{"start":{"line":47,"column":8},"end":{"line":47,"column":8}}]},"4":{"line":48,"type":"if","locations":[{"start":{"line":48,"column":8},"end":{"line":48,"column":8}},{"start":{"line":48,"column":8},"end":{"line":48,"column":8}}]},"5":{"line":50,"type":"if","locations":[{"start":{"line":50,"column":8},"end":{"line":50,"column":8}},{"start":{"line":50,"column":8},"end":{"line":50,"column":8}}]}}},"contracts/DownDai.sol":{"l":{"17":1},"path":"/home/alex/projects/ethdenver/DaiHard/contracts/DownDai.sol","s":{"1":1},"b":{},"f":{"1":1},"fnMap":{"1":{"name":"constructor","line":13,"loc":{"start":{"line":13,"column":4},"end":{"line":16,"column":5}}}},"statementMap":{"1":{"start":{"line":17,"column":8},"end":{"line":17,"column":25}}},"branchMap":{}},"contracts/mocks/MakerMedianizerMock.sol":{"l":{"7":3,"11":0,"15":0},"path":"/home/alex/projects/ethdenver/DaiHard/contracts/mocks/MakerMedianizerMock.sol","s":{"1":3,"2":0,"3":0},"b":{},"f":{"1":3,"2":0,"3":0},"fnMap":{"1":{"name":"constructor","line":6,"loc":{"start":{"line":6,"column":4},"end":{"line":6,"column":41}}},"2":{"name":"read","line":10,"loc":{"start":{"line":10,"column":4},"end":{"line":10,"column":49}}},"3":{"name":"poke","line":14,"loc":{"start":{"line":14,"column":4},"end":{"line":14,"column":43}}}},"statementMap":{"1":{"start":{"line":7,"column":8},"end":{"line":7,"column":24}},"2":{"start":{"line":11,"column":8},"end":{"line":11,"column":27}},"3":{"start":{"line":15,"column":8},"end":{"line":15,"column":24}}},"branchMap":{}},"contracts/mocks/TokenMock.sol":{"l":{"19":5},"path":"/home/alex/projects/ethdenver/DaiHard/contracts/mocks/TokenMock.sol","s":{"1":5},"b":{},"f":{"1":5},"fnMap":{"1":{"name":"constructor","line":14,"loc":{"start":{"line":14,"column":4},"end":{"line":18,"column":48}}}},"statementMap":{"1":{"start":{"line":19,"column":8},"end":{"line":19,"column":49}}},"branchMap":{}},"contracts/UpDai.sol":{"l":{"17":1},"path":"/home/alex/projects/ethdenver/DaiHard/contracts/UpDai.sol","s":{"1":1},"b":{},"f":{"1":1},"fnMap":{"1":{"name":"constructor","line":13,"loc":{"start":{"line":13,"column":4},"end":{"line":16,"column":5}}}},"statementMap":{"1":{"start":{"line":17,"column":8},"end":{"line":17,"column":25}}},"branchMap":{}}}