{"contracts/CFD.sol":{"l":{"53":1,"54":1,"55":1,"57":1,"58":1,"59":1,"61":1,"62":1,"64":1,"67":1,"81":0,"85":0,"90":0,"100":0,"101":0,"104":0,"111":0,"118":0,"119":0,"120":0,"129":0,"132":0,"133":0,"136":0,"151":0,"154":0,"157":0,"159":0,"162":0,"172":0,"174":0,"201":0,"206":0,"250":1,"254":1,"257":1,"259":1,"261":1,"268":1},"path":"/home/alex/projects/ethdenver/DaiHard/contracts/CFD.sol","s":{"1":1,"2":1,"3":1,"4":1,"5":1,"6":1,"7":1,"8":1,"9":1,"10":1,"11":0,"12":0,"13":0,"14":0,"15":0,"16":0,"17":0,"18":0,"19":0,"20":0,"21":0,"22":0,"23":0,"24":0,"25":0,"26":0,"27":0,"28":0,"29":0,"30":0,"31":0,"32":0,"33":0,"34":1,"35":1,"36":1,"37":1,"38":1,"39":1},"b":{"1":[0,0],"2":[0,0],"3":[0,0]},"f":{"1":1,"2":0,"3":0,"4":0,"5":0,"6":1,"7":1,"8":1},"fnMap":{"1":{"name":"constructor","line":44,"loc":{"start":{"line":44,"column":4},"end":{"line":52,"column":14}}},"2":{"name":"mint","line":77,"loc":{"start":{"line":77,"column":4},"end":{"line":80,"column":5}}},"3":{"name":"redeem","line":127,"loc":{"start":{"line":127,"column":4},"end":{"line":127,"column":47}}},"4":{"name":"redeemFinal","line":150,"loc":{"start":{"line":150,"column":4},"end":{"line":150,"column":31}}},"5":{"name":"_payout","line":187,"loc":{"start":{"line":187,"column":4},"end":{"line":194,"column":16}}},"6":{"name":"getETHCollateralRequirements","line":214,"loc":{"start":{"line":214,"column":4},"end":{"line":218,"column":5}}},"7":{"name":"GetDaiPriceUSD","line":249,"loc":{"start":{"line":249,"column":4},"end":{"line":249,"column":71}}},"8":{"name":"GetETHUSDPriceFromMedianizer","line":267,"loc":{"start":{"line":267,"column":4},"end":{"line":267,"column":71}}}},"statementMap":{"1":{"start":{"line":53,"column":8},"end":{"line":53,"column":41}},"2":{"start":{"line":54,"column":8},"end":{"line":54,"column":39}},"3":{"start":{"line":55,"column":8},"end":{"line":55,"column":27}},"4":{"start":{"line":57,"column":8},"end":{"line":57,"column":27}},"5":{"start":{"line":58,"column":8},"end":{"line":58,"column":17}},"6":{"start":{"line":59,"column":8},"end":{"line":59,"column":39}},"7":{"start":{"line":61,"column":8},"end":{"line":61,"column":34}},"8":{"start":{"line":62,"column":8},"end":{"line":62,"column":38}},"9":{"start":{"line":64,"column":8},"end":{"line":64,"column":2038}},"10":{"start":{"line":67,"column":8},"end":{"line":67,"column":2155}},"11":{"start":{"line":81,"column":8},"end":{"line":81,"column":2585}},"12":{"start":{"line":85,"column":8},"end":{"line":85,"column":2719}},"13":{"start":{"line":90,"column":8},"end":{"line":90,"column":2898}},"14":{"start":{"line":100,"column":8},"end":{"line":100,"column":55}},"15":{"start":{"line":101,"column":8},"end":{"line":101,"column":57}},"16":{"start":{"line":104,"column":8},"end":{"line":104,"column":3331}},"17":{"start":{"line":111,"column":8},"end":{"line":111,"column":3557}},"18":{"start":{"line":118,"column":8},"end":{"line":118,"column":40}},"19":{"start":{"line":119,"column":8},"end":{"line":119,"column":65}},"20":{"start":{"line":120,"column":8},"end":{"line":120,"column":35}},"21":{"start":{"line":129,"column":8},"end":{"line":129,"column":46}},"22":{"start":{"line":132,"column":8},"end":{"line":132,"column":48}},"23":{"start":{"line":133,"column":8},"end":{"line":133,"column":50}},"24":{"start":{"line":136,"column":8},"end":{"line":136,"column":4445}},"25":{"start":{"line":151,"column":8},"end":{"line":151,"column":73}},"26":{"start":{"line":154,"column":8},"end":{"line":154,"column":46}},"27":{"start":{"line":157,"column":8},"end":{"line":157,"column":63}},"28":{"start":{"line":159,"column":8},"end":{"line":159,"column":67}},"29":{"start":{"line":162,"column":8},"end":{"line":162,"column":5167}},"30":{"start":{"line":172,"column":8},"end":{"line":172,"column":52}},"31":{"start":{"line":174,"column":8},"end":{"line":174,"column":56}},"32":{"start":{"line":201,"column":8},"end":{"line":201,"column":6405}},"33":{"start":{"line":206,"column":8},"end":{"line":206,"column":48}},"34":{"start":{"line":250,"column":8},"end":{"line":250,"column":8483}},"35":{"start":{"line":254,"column":8},"end":{"line":254,"column":79}},"36":{"start":{"line":257,"column":8},"end":{"line":257,"column":8905}},"37":{"start":{"line":259,"column":8},"end":{"line":259,"column":64}},"38":{"start":{"line":261,"column":8},"end":{"line":261,"column":57}},"39":{"start":{"line":268,"column":8},"end":{"line":268,"column":64}}},"branchMap":{"1":{"line":85,"type":"if","locations":[{"start":{"line":85,"column":8},"end":{"line":85,"column":8}},{"start":{"line":85,"column":8},"end":{"line":85,"column":8}}]},"2":{"line":90,"type":"if","locations":[{"start":{"line":90,"column":8},"end":{"line":90,"column":8}},{"start":{"line":90,"column":8},"end":{"line":90,"column":8}}]},"3":{"line":151,"type":"if","locations":[{"start":{"line":151,"column":8},"end":{"line":151,"column":8}},{"start":{"line":151,"column":8},"end":{"line":151,"column":8}}]}}},"contracts/DaiHard.sol":{"l":{"39":1,"43":1,"47":1,"48":1,"50":1,"52":1,"54":1,"66":1},"path":"/home/alex/projects/ethdenver/DaiHard/contracts/DaiHard.sol","s":{"1":1,"2":1,"3":1,"4":1,"5":1,"6":1,"7":1,"8":1},"b":{"1":[1,0],"2":[1,0],"3":[1,0],"4":[1,0],"5":[1,0]},"f":{"1":1},"fnMap":{"1":{"name":"newCFD","line":30,"loc":{"start":{"line":30,"column":4},"end":{"line":38,"column":24}}}},"statementMap":{"1":{"start":{"line":39,"column":8},"end":{"line":39,"column":1097}},"2":{"start":{"line":43,"column":8},"end":{"line":43,"column":1225}},"3":{"start":{"line":47,"column":8},"end":{"line":47,"column":77}},"4":{"start":{"line":48,"column":8},"end":{"line":48,"column":58}},"5":{"start":{"line":50,"column":8},"end":{"line":50,"column":78}},"6":{"start":{"line":52,"column":8},"end":{"line":52,"column":56}},"7":{"start":{"line":54,"column":8},"end":{"line":54,"column":1634}},"8":{"start":{"line":66,"column":8},"end":{"line":66,"column":77}}},"branchMap":{"1":{"line":39,"type":"if","locations":[{"start":{"line":39,"column":8},"end":{"line":39,"column":8}},{"start":{"line":39,"column":8},"end":{"line":39,"column":8}}]},"2":{"line":43,"type":"if","locations":[{"start":{"line":43,"column":8},"end":{"line":43,"column":8}},{"start":{"line":43,"column":8},"end":{"line":43,"column":8}}]},"3":{"line":47,"type":"if","locations":[{"start":{"line":47,"column":8},"end":{"line":47,"column":8}},{"start":{"line":47,"column":8},"end":{"line":47,"column":8}}]},"4":{"line":48,"type":"if","locations":[{"start":{"line":48,"column":8},"end":{"line":48,"column":8}},{"start":{"line":48,"column":8},"end":{"line":48,"column":8}}]},"5":{"line":50,"type":"if","locations":[{"start":{"line":50,"column":8},"end":{"line":50,"column":8}},{"start":{"line":50,"column":8},"end":{"line":50,"column":8}}]}}},"contracts/DownDai.sol":{"l":{"17":1},"path":"/home/alex/projects/ethdenver/DaiHard/contracts/DownDai.sol","s":{"1":1},"b":{},"f":{"1":1},"fnMap":{"1":{"name":"constructor","line":13,"loc":{"start":{"line":13,"column":4},"end":{"line":16,"column":5}}}},"statementMap":{"1":{"start":{"line":17,"column":8},"end":{"line":17,"column":25}}},"branchMap":{}},"contracts/mocks/DAITokenMock.sol":{"l":{"19":3},"path":"/home/alex/projects/ethdenver/DaiHard/contracts/mocks/DAITokenMock.sol","s":{"1":3},"b":{},"f":{"1":3},"fnMap":{"1":{"name":"constructor","line":14,"loc":{"start":{"line":14,"column":4},"end":{"line":18,"column":48}}}},"statementMap":{"1":{"start":{"line":19,"column":8},"end":{"line":19,"column":49}}},"branchMap":{}},"contracts/mocks/MakerMedianizerMock.sol":{"l":{"11":2,"15":0},"path":"/home/alex/projects/ethdenver/DaiHard/contracts/mocks/MakerMedianizerMock.sol","s":{"1":2,"2":0},"b":{},"f":{"1":3,"2":2,"3":0},"fnMap":{"1":{"name":"constructor","line":6,"loc":{"start":{"line":6,"column":4},"end":{"line":6,"column":22}}},"2":{"name":"read","line":10,"loc":{"start":{"line":10,"column":4},"end":{"line":10,"column":49}}},"3":{"name":"poke","line":14,"loc":{"start":{"line":14,"column":4},"end":{"line":14,"column":43}}}},"statementMap":{"1":{"start":{"line":11,"column":8},"end":{"line":11,"column":18}},"2":{"start":{"line":15,"column":8},"end":{"line":15,"column":33}}},"branchMap":{}},"contracts/StableMath.sol":{"l":{"15":0,"18":0,"23":0,"28":0,"29":0,"34":0,"35":0,"40":2,"41":0,"43":2,"44":2,"53":0,"54":0,"63":0,"72":0,"73":0,"74":0,"80":1,"81":1,"90":1,"91":1,"97":0,"98":0,"103":0,"108":0},"path":"/home/alex/projects/ethdenver/DaiHard/contracts/StableMath.sol","s":{"1":0,"2":0,"3":0,"4":0,"5":0,"6":0,"7":0,"8":2,"9":0,"10":2,"11":2,"12":0,"13":0,"14":0,"15":0,"16":0,"17":0,"18":1,"19":1,"20":1,"21":1,"22":0,"23":0,"24":0,"25":0},"b":{"1":[0,0],"2":[0,0],"3":[0,2],"4":[2,0],"5":[1,0],"6":[0,0]},"f":{"1":0,"2":0,"3":0,"4":0,"5":0,"6":2,"7":0,"8":0,"9":0,"10":1,"11":1,"12":0,"13":0,"14":0},"fnMap":{"1":{"name":"getScale","line":14,"loc":{"start":{"line":14,"column":4},"end":{"line":14,"column":53}}},"2":{"name":"getPercent","line":17,"loc":{"start":{"line":17,"column":4},"end":{"line":17,"column":55}}},"3":{"name":"scale","line":22,"loc":{"start":{"line":22,"column":4},"end":{"line":22,"column":61}}},"4":{"name":"add","line":27,"loc":{"start":{"line":27,"column":4},"end":{"line":27,"column":70}}},"5":{"name":"sub","line":33,"loc":{"start":{"line":33,"column":4},"end":{"line":33,"column":70}}},"6":{"name":"mul","line":39,"loc":{"start":{"line":39,"column":4},"end":{"line":39,"column":70}}},"7":{"name":"mulTruncate","line":48,"loc":{"start":{"line":48,"column":4},"end":{"line":52,"column":5}}},"8":{"name":"mulTruncate","line":58,"loc":{"start":{"line":58,"column":4},"end":{"line":62,"column":5}}},"9":{"name":"mulTruncateCeil","line":67,"loc":{"start":{"line":67,"column":4},"end":{"line":71,"column":5}}},"10":{"name":"div","line":79,"loc":{"start":{"line":79,"column":4},"end":{"line":79,"column":70}}},"11":{"name":"divPrecisely","line":85,"loc":{"start":{"line":85,"column":4},"end":{"line":89,"column":5}}},"12":{"name":"mod","line":96,"loc":{"start":{"line":96,"column":4},"end":{"line":96,"column":68}}},"13":{"name":"min","line":102,"loc":{"start":{"line":102,"column":4},"end":{"line":102,"column":68}}},"14":{"name":"max","line":107,"loc":{"start":{"line":107,"column":4},"end":{"line":107,"column":68}}}},"statementMap":{"1":{"start":{"line":15,"column":8},"end":{"line":15,"column":24}},"2":{"start":{"line":18,"column":8},"end":{"line":18,"column":27}},"3":{"start":{"line":23,"column":8},"end":{"line":23,"column":32}},"4":{"start":{"line":28,"column":8},"end":{"line":28,"column":16}},"5":{"start":{"line":29,"column":8},"end":{"line":29,"column":55}},"6":{"start":{"line":34,"column":8},"end":{"line":34,"column":58}},"7":{"start":{"line":35,"column":8},"end":{"line":35,"column":16}},"8":{"start":{"line":40,"column":8},"end":{"line":40,"column":1463}},"9":{"start":{"line":41,"column":12},"end":{"line":41,"column":20}},"10":{"start":{"line":43,"column":8},"end":{"line":43,"column":16}},"11":{"start":{"line":44,"column":8},"end":{"line":44,"column":65}},"12":{"start":{"line":53,"column":8},"end":{"line":53,"column":29}},"13":{"start":{"line":54,"column":8},"end":{"line":54,"column":25}},"14":{"start":{"line":63,"column":8},"end":{"line":63,"column":43}},"15":{"start":{"line":72,"column":8},"end":{"line":72,"column":34}},"16":{"start":{"line":73,"column":8},"end":{"line":73,"column":53}},"17":{"start":{"line":74,"column":8},"end":{"line":74,"column":31}},"18":{"start":{"line":80,"column":8},"end":{"line":80,"column":53}},"19":{"start":{"line":81,"column":8},"end":{"line":81,"column":16}},"20":{"start":{"line":90,"column":8},"end":{"line":90,"column":37}},"21":{"start":{"line":91,"column":8},"end":{"line":91,"column":20}},"22":{"start":{"line":97,"column":8},"end":{"line":97,"column":52}},"23":{"start":{"line":98,"column":8},"end":{"line":98,"column":20}},"24":{"start":{"line":103,"column":8},"end":{"line":103,"column":28}},"25":{"start":{"line":108,"column":8},"end":{"line":108,"column":28}}},"branchMap":{"1":{"line":29,"type":"if","locations":[{"start":{"line":29,"column":8},"end":{"line":29,"column":8}},{"start":{"line":29,"column":8},"end":{"line":29,"column":8}}]},"2":{"line":34,"type":"if","locations":[{"start":{"line":34,"column":8},"end":{"line":34,"column":8}},{"start":{"line":34,"column":8},"end":{"line":34,"column":8}}]},"3":{"line":40,"type":"if","locations":[{"start":{"line":40,"column":8},"end":{"line":40,"column":8}},{"start":{"line":40,"column":8},"end":{"line":40,"column":8}}]},"4":{"line":44,"type":"if","locations":[{"start":{"line":44,"column":8},"end":{"line":44,"column":8}},{"start":{"line":44,"column":8},"end":{"line":44,"column":8}}]},"5":{"line":80,"type":"if","locations":[{"start":{"line":80,"column":8},"end":{"line":80,"column":8}},{"start":{"line":80,"column":8},"end":{"line":80,"column":8}}]},"6":{"line":97,"type":"if","locations":[{"start":{"line":97,"column":8},"end":{"line":97,"column":8}},{"start":{"line":97,"column":8},"end":{"line":97,"column":8}}]}}},"contracts/UpDai.sol":{"l":{"17":1},"path":"/home/alex/projects/ethdenver/DaiHard/contracts/UpDai.sol","s":{"1":1},"b":{},"f":{"1":1},"fnMap":{"1":{"name":"constructor","line":13,"loc":{"start":{"line":13,"column":4},"end":{"line":16,"column":5}}}},"statementMap":{"1":{"start":{"line":17,"column":8},"end":{"line":17,"column":25}}},"branchMap":{}}}