TN:
SF:/home/alex/projects/ethdenver/DaiHard/contracts/CFD.sol
FN:48,constructor
FN:81,mint
FN:129,redeem
FN:152,redeemFinal
FN:189,_payout
FN:209,getETHCollateralRequirements
FN:223,GetDaiPriceUSD
FNF:7
FNH:1
FNDA:1,constructor
FNDA:0,mint
FNDA:0,redeem
FNDA:0,redeemFinal
FNDA:0,_payout
FNDA:0,getETHCollateralRequirements
FNDA:0,GetDaiPriceUSD
DA:57,1
DA:58,1
DA:59,1
DA:61,1
DA:62,1
DA:63,1
DA:65,1
DA:66,1
DA:68,1
DA:71,1
DA:85,0
DA:89,0
DA:94,0
DA:104,0
DA:105,0
DA:108,0
DA:115,0
DA:122,0
DA:131,0
DA:134,0
DA:135,0
DA:138,0
DA:153,0
DA:156,0
DA:159,0
DA:161,0
DA:164,0
DA:174,0
DA:176,0
DA:197,0
DA:202,0
DA:213,0
DA:216,0
DA:224,0
DA:227,0
DA:228,0
DA:231,0
LF:37
LH:10
BRDA:89,1,0,0
BRDA:89,1,1,0
BRDA:94,2,0,0
BRDA:94,2,1,0
BRDA:153,3,0,0
BRDA:153,3,1,0
BRF:6
BRH:0
end_of_record
TN:
SF:/home/alex/projects/ethdenver/DaiHard/contracts/DaiHard.sol
FN:30,newCFD
FNF:1
FNH:1
FNDA:1,newCFD
DA:39,1
DA:43,1
DA:47,1
DA:48,1
DA:50,1
DA:52,1
DA:54,1
DA:66,1
LF:8
LH:8
BRDA:39,1,0,1
BRDA:39,1,1,0
BRDA:43,2,0,1
BRDA:43,2,1,0
BRDA:47,3,0,1
BRDA:47,3,1,0
BRDA:48,4,0,1
BRDA:48,4,1,0
BRDA:50,5,0,1
BRDA:50,5,1,0
BRF:10
BRH:5
end_of_record
TN:
SF:/home/alex/projects/ethdenver/DaiHard/contracts/DownDai.sol
FN:13,constructor
FNF:1
FNH:1
FNDA:1,constructor
DA:17,1
LF:1
LH:1
BRF:0
BRH:0
end_of_record
TN:
SF:/home/alex/projects/ethdenver/DaiHard/contracts/mocks/MakerMedianizerMock.sol
FN:6,constructor
FN:10,read
FN:14,poke
FNF:3
FNH:1
FNDA:3,constructor
FNDA:0,read
FNDA:0,poke
DA:7,3
DA:11,0
DA:15,0
LF:3
LH:1
BRF:0
BRH:0
end_of_record
TN:
SF:/home/alex/projects/ethdenver/DaiHard/contracts/mocks/TokenMock.sol
FN:14,constructor
FNF:1
FNH:1
FNDA:3,constructor
DA:19,3
LF:1
LH:1
BRF:0
BRH:0
end_of_record
TN:
SF:/home/alex/projects/ethdenver/DaiHard/contracts/UpDai.sol
FN:13,constructor
FNF:1
FNH:1
FNDA:1,constructor
DA:17,1
LF:1
LH:1
BRF:0
BRH:0
end_of_record
